-------------- Guillem's Chess Engine --------------
For displaying the usage --help or -h.
The current available engines are: 
    - RandomEngine
    - EngineV1
The random seed used was: 1720601339.
----------------------------------------------------

Options chosen:
    - White player: EngineV1
    - Black player: EngineV1
    - Display method: GUI
    - Engine time span: 5 s
    - FEN: 4k2r/6r1/8/8/8/8/3R4/R3K3 w Qk - 0 1
----------------------------------------------------

[INFO] Depth reached: 6
[INFO] Evaluation: 487
[INFO] Number of boards: 1372953
[INFO] Transposition hits: 91548
Ra8
[INFO] Depth reached: 9
[INFO] Evaluation: -489
[INFO] Number of boards: 3802176
[INFO] Transposition hits: 522522
Kf7
[INFO] Depth reached: 7
[INFO] Evaluation: 485
[INFO] Number of boards: 1918804
[INFO] Transposition hits: 150764
Rxh8
[INFO] Depth reached: 8
[INFO] Evaluation: -489
[INFO] Number of boards: 5053026
[INFO] Transposition hits: 904269
Kg6
[INFO] Depth reached: 6
[INFO] Evaluation: 487
[INFO] Number of boards: 1494851
[INFO] Transposition hits: 183437
Rd1
