-------------- Guillem's Chess Engine --------------
For displaying the usage --help or -h.
The current available engines are: 
    - RandomEngine
    - EngineV1
The random seed used was: 1720599114.
----------------------------------------------------

Options chosen:
    - White player: EngineV1
    - Black player: EngineV1
    - Display method: GUI
    - Engine time span: 2 s
    - FEN: 4k2r/6r1/8/8/8/8/3R4/R3K3 w Qk - 0 1
----------------------------------------------------

[INFO] Depth reached: 5
[INFO] Evaluation: 476
[INFO] Number of boards: 561058
[INFO] Transposition hits: 45486
Ra8
[INFO] Depth reached: 8
[INFO] Evaluation: -485
[INFO] Number of boards: 2596392
[INFO] Transposition hits: 213234
Kf7
[INFO] Depth reached: 6
[INFO] Evaluation: 485
[INFO] Number of boards: 691152
[INFO] Transposition hits: 58901
Rxh8
[INFO] Depth reached: 6
[INFO] Evaluation: -485
[INFO] Number of boards: 843574
[INFO] Transposition hits: 83125
Rg8
[INFO] Depth reached: 6
[INFO] Evaluation: 490
[INFO] Number of boards: 816755
[INFO] Transposition hits: 100822
Rd7
[INFO] Depth reached: 8
[INFO] Evaluation: -498
[INFO] Number of boards: 919886
[INFO] Transposition hits: 88217
Ke8
[INFO] Depth reached: 7
[INFO] Evaluation: 498
[INFO] Number of boards: 1050556
[INFO] Transposition hits: 125187
Rh7
[INFO] Depth reached: 7
[INFO] Evaluation: -503
[INFO] Number of boards: 796764
[INFO] Transposition hits: 136309
Rg6
[INFO] Depth reached: 7
[INFO] Evaluation: 500
[INFO] Number of boards: 814971
[INFO] Transposition hits: 132930
Rde7
[INFO] Depth reached: 8
[INFO] Evaluation: -499
[INFO] Number of boards: 2095174
[INFO] Transposition hits: 103506
Kf8
[INFO] Depth reached: 6
[INFO] Evaluation: 501
[INFO] Number of boards: 765030
[INFO] Transposition hits: 136829
Kf1
[INFO] Depth reached: 7
[INFO] Evaluation: -503
[INFO] Number of boards: 873137
[INFO] Transposition hits: 98594
Rf6
[INFO] Depth reached: 7
[INFO] Evaluation: 500
[INFO] Number of boards: 1137277
[INFO] Transposition hits: 112725
Kg1
[INFO] Depth reached: 7
[INFO] Evaluation: -503
[INFO] Number of boards: 914997
[INFO] Transposition hits: 98369
Rg6
[INFO] Depth reached: 7
[INFO] Evaluation: 498
[INFO] Number of boards: 876681
[INFO] Transposition hits: 102700
Kh1
[INFO] Depth reached: 7
[INFO] Evaluation: -503
[INFO] Number of boards: 933299
[INFO] Transposition hits: 152842
Rh6
[INFO] Depth reached: 8
[INFO] Evaluation: 503
[INFO] Number of boards: 1041692
[INFO] Transposition hits: 179753
Kg1
[INFO] Depth reached: 7
[INFO] Evaluation: -503
[INFO] Number of boards: 960365
[INFO] Transposition hits: 156070
Rg6
[INFO] Depth reached: 7
[INFO] Evaluation: 498
[INFO] Number of boards: 877733
[INFO] Transposition hits: 113875
Kh1
[INFO] Depth reached: 7
[INFO] Evaluation: -503
[INFO] Number of boards: 922139
[INFO] Transposition hits: 175138
Rh6
[INFO] Depth reached: 8
[INFO] Evaluation: 503
[INFO] Number of boards: 1041968
[INFO] Transposition hits: 200088
Kg1
[INFO] Depth reached: 7
[INFO] Evaluation: -503
[INFO] Number of boards: 956280
[INFO] Transposition hits: 168968
Rg6
[INFO] Depth reached: 7
[INFO] Evaluation: 498
[INFO] Number of boards: 877689
[INFO] Transposition hits: 113981
Kh1
[INFO] Depth reached: 7
[INFO] Evaluation: -503
[INFO] Number of boards: 922137
[INFO] Transposition hits: 175288
Rh6
[INFO] Depth reached: 8
[INFO] Evaluation: 503
[INFO] Number of boards: 1041953
[INFO] Transposition hits: 200168
Kg1
[INFO] Depth reached: 7
[INFO] Evaluation: -503
[INFO] Number of boards: 956237
[INFO] Transposition hits: 169062
Rg6
[INFO] Depth reached: 7
[INFO] Evaluation: 498
[INFO] Number of boards: 877689
[INFO] Transposition hits: 113982
Kh1
[INFO] Depth reached: 7
[INFO] Evaluation: -503
[INFO] Number of boards: 922134
[INFO] Transposition hits: 175293
Rh6
[INFO] Depth reached: 8
[INFO] Evaluation: 503
[INFO] Number of boards: 1041953
[INFO] Transposition hits: 200168
Kg1
[INFO] Depth reached: 7
[INFO] Evaluation: -503
[INFO] Number of boards: 956237
[INFO] Transposition hits: 169062
Rg6
[INFO] Depth reached: 7
[INFO] Evaluation: 498
[INFO] Number of boards: 877689
[INFO] Transposition hits: 113982
Kh1
[INFO] Depth reached: 7
[INFO] Evaluation: -503
[INFO] Number of boards: 922134
[INFO] Transposition hits: 175293
Rh6
[INFO] Depth reached: 8
[INFO] Evaluation: 503
[INFO] Number of boards: 1041953
[INFO] Transposition hits: 200168
Kg1
[INFO] Depth reached: 7
[INFO] Evaluation: -503
[INFO] Number of boards: 956237
[INFO] Transposition hits: 169062
Rg6
[INFO] Depth reached: 7
[INFO] Evaluation: 498
[INFO] Number of boards: 877689
[INFO] Transposition hits: 113982
Kh1
[INFO] Depth reached: 7
[INFO] Evaluation: -503
[INFO] Number of boards: 922134
[INFO] Transposition hits: 175293
Rh6
[INFO] Depth reached: 8
[INFO] Evaluation: 503
[INFO] Number of boards: 1041953
[INFO] Transposition hits: 200168
Kg1
